<?xml version="1.0" encoding="UTF-8"?>
<testng-results ignored="0" total="1" passed="1" failed="0" skipped="0">
  <reporter-output>
  </reporter-output>
  <suite started-at="2021-10-14T16:36:40 IST" name="Default suite" finished-at="2021-10-14T16:37:21 IST" duration-ms="40944">
    <groups>
    </groups>
    <test started-at="2021-10-14T16:36:40 IST" name="Default test" finished-at="2021-10-14T16:37:21 IST" duration-ms="40944">
      <class name="ArisGlobal.Assessment1.Tc01">
        <test-method signature="Tc01()[pri:0, instance:ArisGlobal.Assessment1.Tc01@26275bef]" started-at="2021-10-14T16:36:40 IST" name="Tc01" finished-at="2021-10-14T16:37:21 IST" duration-ms="40852" status="PASS">
          <reporter-output>
          </reporter-output>
        </test-method> <!-- Tc01 -->
      </class> <!-- ArisGlobal.Assessment1.Tc01 -->
    </test> <!-- Default test -->
  </suite> <!-- Default suite -->
</testng-results>
